tunkiFlappy/Temp/gradleOut/launcher/build/intermediates/manifest_merge_blame_file/release/manifest-merger-blame-release-report.txt
1<?xml version="1.0" encoding="utf-8"?>
2<!-- GENERATED BY UNITY. REMOVE THIS COMMENT TO PREVENT OVERWRITING WHEN EXPORTING AGAIN -->
3<manifest xmlns:android="http://schemas.android.com/apk/res/android"
4    package="com.DefaultCompany.com.unity.template.mobile2D"
5    android:installLocation="preferExternal"
6    android:versionCode="1"
7    android:versionName="1.0.0" >
8
9    <uses-sdk
10        android:minSdkVersion="19"
10-->src\main\AndroidManifest.xml
11        android:targetSdkVersion="30" />
11-->src\main\AndroidManifest.xml
12
13    <supports-screens
13-->src\main\AndroidManifest.xml:4:3-163
14        android:anyDensity="true"
14-->src\main\AndroidManifest.xml:4:135-160
15        android:largeScreens="true"
15-->src\main\AndroidManifest.xml:4:78-105
16        android:normalScreens="true"
16-->src\main\AndroidManifest.xml:4:49-77
17        android:smallScreens="true"
17-->src\main\AndroidManifest.xml:4:21-48
18        android:xlargeScreens="true" />
18-->src\main\AndroidManifest.xml:4:106-134
19
20    <uses-feature android:glEsVersion="0x00030000" />
20-->[:unityLibrary] AndroidManifest.xml:13:5-54
20-->[:unityLibrary] AndroidManifest.xml:13:19-51
21    <uses-feature
21-->[:unityLibrary] AndroidManifest.xml:14:5-16:36
22        android:name="android.hardware.vulkan.version"
22-->[:unityLibrary] AndroidManifest.xml:15:9-55
23        android:required="false" />
23-->[:unityLibrary] AndroidManifest.xml:16:9-33
24
25    <uses-permission android:name="android.permission.INTERNET" />
25-->[:unityLibrary] AndroidManifest.xml:18:5-67
25-->[:unityLibrary] AndroidManifest.xml:18:22-64
26
27    <uses-feature
27-->[:unityLibrary] AndroidManifest.xml:20:5-22:36
28        android:name="android.hardware.touchscreen"
28-->[:unityLibrary] AndroidManifest.xml:21:9-52
29        android:required="false" />
29-->[:unityLibrary] AndroidManifest.xml:22:9-33
30    <uses-feature
30-->[:unityLibrary] AndroidManifest.xml:23:5-25:36
31        android:name="android.hardware.touchscreen.multitouch"
31-->[:unityLibrary] AndroidManifest.xml:24:9-63
32        android:required="false" />
32-->[:unityLibrary] AndroidManifest.xml:25:9-33
33    <uses-feature
33-->[:unityLibrary] AndroidManifest.xml:26:5-28:36
34        android:name="android.hardware.touchscreen.multitouch.distinct"
34-->[:unityLibrary] AndroidManifest.xml:27:9-72
35        android:required="false" />
35-->[:unityLibrary] AndroidManifest.xml:28:9-33
36
37    <uses-permission android:name="android.permission.ACCESS_NETWORK_STATE" />
37-->[:UnityAds:] AndroidManifest.xml:9:5-79
37-->[:UnityAds:] AndroidManifest.xml:9:22-76
38    <uses-permission android:name="com.google.android.gms.permission.AD_ID" />
38-->[:UnityAds:] AndroidManifest.xml:11:5-79
38-->[:UnityAds:] AndroidManifest.xml:11:22-76
39
40    <application
40-->src\main\AndroidManifest.xml:5:3-116
41        android:extractNativeLibs="true"
41-->src\main\AndroidManifest.xml:5:16-48
42        android:icon="@mipmap/app_icon"
42-->src\main\AndroidManifest.xml:5:82-113
43        android:label="@string/app_name" >
43-->src\main\AndroidManifest.xml:5:49-81
44        <activity
44-->[:unityLibrary] AndroidManifest.xml:31:9-50:20
45            android:name="com.unity3d.player.UnityPlayerActivity"
45-->[:unityLibrary] AndroidManifest.xml:32:13-66
46            android:configChanges="mcc|mnc|locale|touchscreen|keyboard|keyboardHidden|navigation|orientation|screenLayout|uiMode|screenSize|smallestScreenSize|fontScale|layoutDirection|density"
46-->[:unityLibrary] AndroidManifest.xml:33:13-194
47            android:hardwareAccelerated="false"
47-->[:unityLibrary] AndroidManifest.xml:34:13-48
48            android:launchMode="singleTask"
48-->[:unityLibrary] AndroidManifest.xml:35:13-44
49            android:screenOrientation="fullSensor"
49-->[:unityLibrary] AndroidManifest.xml:36:13-51
50            android:theme="@style/UnityThemeSelector" >
50-->[:unityLibrary] AndroidManifest.xml:37:13-54
51            <intent-filter>
51-->[:unityLibrary] AndroidManifest.xml:38:13-42:29
52                <action android:name="android.intent.action.MAIN" />
52-->[:unityLibrary] AndroidManifest.xml:39:17-69
52-->[:unityLibrary] AndroidManifest.xml:39:25-66
53
54                <category android:name="android.intent.category.LAUNCHER" />
54-->[:unityLibrary] AndroidManifest.xml:41:17-77
54-->[:unityLibrary] AndroidManifest.xml:41:27-74
55            </intent-filter>
56
57            <meta-data
57-->[:unityLibrary] AndroidManifest.xml:44:13-46:40
58                android:name="unityplayer.UnityActivity"
58-->[:unityLibrary] AndroidManifest.xml:45:17-57
59                android:value="true" />
59-->[:unityLibrary] AndroidManifest.xml:46:17-37
60            <meta-data
60-->[:unityLibrary] AndroidManifest.xml:47:13-49:40
61                android:name="android.notch_support"
61-->[:unityLibrary] AndroidManifest.xml:48:17-53
62                android:value="true" />
62-->[:unityLibrary] AndroidManifest.xml:49:17-37
63        </activity>
64
65        <meta-data
65-->[:unityLibrary] AndroidManifest.xml:52:9-54:33
66            android:name="unity.splash-mode"
66-->[:unityLibrary] AndroidManifest.xml:53:13-45
67            android:value="0" />
67-->[:unityLibrary] AndroidManifest.xml:54:13-30
68        <meta-data
68-->[:unityLibrary] AndroidManifest.xml:55:9-57:36
69            android:name="unity.splash-enable"
69-->[:unityLibrary] AndroidManifest.xml:56:13-47
70            android:value="True" />
70-->[:unityLibrary] AndroidManifest.xml:57:13-33
71        <meta-data
71-->[:unityLibrary] AndroidManifest.xml:58:9-60:50
72            android:name="notch.config"
72-->[:unityLibrary] AndroidManifest.xml:59:13-40
73            android:value="portrait|landscape" />
73-->[:unityLibrary] AndroidManifest.xml:60:13-47
74        <meta-data
74-->[:unityLibrary] AndroidManifest.xml:61:9-63:68
75            android:name="unity.build-id"
75-->[:unityLibrary] AndroidManifest.xml:62:13-42
76            android:value="fe960beb-f3ae-45ce-9b27-1a3f29b0cb33" />
76-->[:unityLibrary] AndroidManifest.xml:63:13-65
77
78        <receiver
78-->[:unityLibrary] AndroidManifest.xml:65:9-67:39
79            android:name="com.unity.androidnotifications.UnityNotificationManager"
79-->[:unityLibrary] AndroidManifest.xml:66:13-83
80            android:exported="true" />
80-->[:unityLibrary] AndroidManifest.xml:67:13-36
81        <receiver
81-->[:unityLibrary] AndroidManifest.xml:68:9-74:20
82            android:name="com.unity.androidnotifications.UnityNotificationRestartOnBootReceiver"
82-->[:unityLibrary] AndroidManifest.xml:69:13-97
83            android:enabled="false" >
83-->[:unityLibrary] AndroidManifest.xml:70:13-36
84            <intent-filter>
84-->[:unityLibrary] AndroidManifest.xml:71:13-73:29
85                <action android:name="android.intent.action.BOOT_COMPLETED" />
85-->[:unityLibrary] AndroidManifest.xml:72:17-79
85-->[:unityLibrary] AndroidManifest.xml:72:25-76
86            </intent-filter>
87        </receiver>
88
89        <activity
89-->[:UnityAds:] AndroidManifest.xml:14:9-18:74
90            android:name="com.unity3d.services.ads.adunit.AdUnitActivity"
90-->[:UnityAds:] AndroidManifest.xml:15:13-74
91            android:configChanges="fontScale|keyboard|keyboardHidden|locale|mnc|mcc|navigation|orientation|screenLayout|screenSize|smallestScreenSize|uiMode|touchscreen"
91-->[:UnityAds:] AndroidManifest.xml:16:13-170
92            android:hardwareAccelerated="true"
92-->[:UnityAds:] AndroidManifest.xml:17:13-47
93            android:theme="@android:style/Theme.NoTitleBar.Fullscreen" />
93-->[:UnityAds:] AndroidManifest.xml:18:13-71
94        <activity
94-->[:UnityAds:] AndroidManifest.xml:19:9-23:86
95            android:name="com.unity3d.services.ads.adunit.AdUnitTransparentActivity"
95-->[:UnityAds:] AndroidManifest.xml:20:13-85
96            android:configChanges="fontScale|keyboard|keyboardHidden|locale|mnc|mcc|navigation|orientation|screenLayout|screenSize|smallestScreenSize|uiMode|touchscreen"
96-->[:UnityAds:] AndroidManifest.xml:21:13-170
97            android:hardwareAccelerated="true"
97-->[:UnityAds:] AndroidManifest.xml:22:13-47
98            android:theme="@android:style/Theme.Translucent.NoTitleBar.Fullscreen" />
98-->[:UnityAds:] AndroidManifest.xml:23:13-83
99        <activity
99-->[:UnityAds:] AndroidManifest.xml:24:9-28:86
100            android:name="com.unity3d.services.ads.adunit.AdUnitTransparentSoftwareActivity"
100-->[:UnityAds:] AndroidManifest.xml:25:13-93
101            android:configChanges="fontScale|keyboard|keyboardHidden|locale|mnc|mcc|navigation|orientation|screenLayout|screenSize|smallestScreenSize|uiMode|touchscreen"
101-->[:UnityAds:] AndroidManifest.xml:26:13-170
102            android:hardwareAccelerated="false"
102-->[:UnityAds:] AndroidManifest.xml:27:13-48
103            android:theme="@android:style/Theme.Translucent.NoTitleBar.Fullscreen" />
103-->[:UnityAds:] AndroidManifest.xml:28:13-83
104        <activity
104-->[:UnityAds:] AndroidManifest.xml:29:9-33:74
105            android:name="com.unity3d.services.ads.adunit.AdUnitSoftwareActivity"
105-->[:UnityAds:] AndroidManifest.xml:30:13-82
106            android:configChanges="fontScale|keyboard|keyboardHidden|locale|mnc|mcc|navigation|orientation|screenLayout|screenSize|smallestScreenSize|uiMode|touchscreen"
106-->[:UnityAds:] AndroidManifest.xml:31:13-170
107            android:hardwareAccelerated="false"
107-->[:UnityAds:] AndroidManifest.xml:32:13-48
108            android:theme="@android:style/Theme.NoTitleBar.Fullscreen" />
108-->[:UnityAds:] AndroidManifest.xml:33:13-71
109    </application>
110
111</manifest>